

[INFO ] 2018-11-07 16:53:15,197 method:org.springframework.web.context.ContextLoader.initWebApplicationContext(ContextLoader.java:270)
Root WebApplicationContext: initialization started


[INFO ] 2018-11-07 16:53:15,334 method:
using logger: com.alibaba.dubbo.common.logger.log4j.Log4jLoggerAdapter


[INFO ] 2018-11-07 16:53:15,335 method:org.springframework.context.support.AbstractApplicationContext.prepareRefresh(AbstractApplicationContext.java:590)
Refreshing Root WebApplicationContext: startup date [Wed Nov 07 16:53:15 CST 2018]; root of context hierarchy


[INFO ] 2018-11-07 16:53:15,375 method:org.springframework.beans.factory.xml.XmlBeanDefinitionReader.loadBeanDefinitions(XmlBeanDefinitionReader.java:316)
Loading XML bean definitions from class path resource [spring/springmvc.xml]


[INFO ] 2018-11-07 16:53:15,860 method:org.springframework.beans.factory.annotation.AutowiredAnnotationBeanPostProcessor.<init>(AutowiredAnnotationBeanPostProcessor.java:153)
JSR-330 'javax.inject.Inject' annotation found and supported for autowiring


[WARN ] 2018-11-07 16:53:15,952 method:com.alibaba.dubbo.config.spring.extension.SpringExtensionFactory.getExtension(SpringExtensionFactory.java:63)
 [DUBBO] No spring extension(bean) named:defaultCompiler, try to find an extension(bean) of type java.lang.String, dubbo version: 2.6.4, current host: 192.168.0.166


[WARN ] 2018-11-07 16:53:15,953 method:com.alibaba.dubbo.config.spring.extension.SpringExtensionFactory.getExtension(SpringExtensionFactory.java:77)
 [DUBBO] No spring extension(bean) named:defaultCompiler, type:java.lang.String found, stop get bean., dubbo version: 2.6.4, current host: 192.168.0.166


[WARN ] 2018-11-07 16:53:16,195 method:com.alibaba.dubbo.qos.protocol.QosProtocolWrapper.startQosServer(QosProtocolWrapper.java:101)
 [DUBBO] Fail to start qos server: , dubbo version: 2.6.4, current host: 192.168.0.166
java.lang.NoClassDefFoundError: io/netty/channel/EventLoopGroup
	at com.alibaba.dubbo.qos.protocol.QosProtocolWrapper.startQosServer(QosProtocolWrapper.java:95)
	at com.alibaba.dubbo.qos.protocol.QosProtocolWrapper.refer(QosProtocolWrapper.java:68)
	at com.alibaba.dubbo.rpc.protocol.ProtocolListenerWrapper.refer(ProtocolListenerWrapper.java:65)
	at com.alibaba.dubbo.rpc.Protocol$Adaptive.refer(Protocol$Adaptive.java)
	at com.alibaba.dubbo.config.ReferenceConfig.createProxy(ReferenceConfig.java:394)
	at com.alibaba.dubbo.config.ReferenceConfig.init(ReferenceConfig.java:333)
	at com.alibaba.dubbo.config.ReferenceConfig.get(ReferenceConfig.java:163)
	at com.alibaba.dubbo.config.spring.ReferenceBean.getObject(ReferenceBean.java:66)
	at org.springframework.beans.factory.support.FactoryBeanRegistrySupport.doGetObjectFromFactoryBean(FactoryBeanRegistrySupport.java:171)
	at org.springframework.beans.factory.support.FactoryBeanRegistrySupport.getObjectFromFactoryBean(FactoryBeanRegistrySupport.java:101)
	at org.springframework.beans.factory.support.AbstractBeanFactory.getObjectForBeanInstance(AbstractBeanFactory.java:1645)
	at org.springframework.beans.factory.support.AbstractAutowireCapableBeanFactory.getObjectForBeanInstance(AbstractAutowireCapableBeanFactory.java:1175)
	at org.springframework.beans.factory.support.AbstractBeanFactory.doGetBean(AbstractBeanFactory.java:257)
	at org.springframework.beans.factory.support.AbstractBeanFactory.getBean(AbstractBeanFactory.java:199)
	at org.springframework.beans.factory.config.DependencyDescriptor.resolveCandidate(DependencyDescriptor.java:251)
	at org.springframework.beans.factory.support.DefaultListableBeanFactory.addCandidateEntry(DefaultListableBeanFactory.java:1322)
	at org.springframework.beans.factory.support.DefaultListableBeanFactory.findAutowireCandidates(DefaultListableBeanFactory.java:1288)
	at org.springframework.beans.factory.support.DefaultListableBeanFactory.doResolveDependency(DefaultListableBeanFactory.java:1098)
	at org.springframework.beans.factory.support.DefaultListableBeanFactory.resolveDependency(DefaultListableBeanFactory.java:1062)
	at org.springframework.beans.factory.annotation.AutowiredAnnotationBeanPostProcessor$AutowiredFieldElement.inject(AutowiredAnnotationBeanPostProcessor.java:583)
	at org.springframework.beans.factory.annotation.InjectionMetadata.inject(InjectionMetadata.java:91)
	at org.springframework.beans.factory.annotation.AutowiredAnnotationBeanPostProcessor.postProcessPropertyValues(AutowiredAnnotationBeanPostProcessor.java:372)
	at org.springframework.beans.factory.support.AbstractAutowireCapableBeanFactory.populateBean(AbstractAutowireCapableBeanFactory.java:1341)
	at org.springframework.beans.factory.support.AbstractAutowireCapableBeanFactory.doCreateBean(AbstractAutowireCapableBeanFactory.java:572)
	at org.springframework.beans.factory.support.AbstractAutowireCapableBeanFactory.createBean(AbstractAutowireCapableBeanFactory.java:495)
	at org.springframework.beans.factory.support.AbstractBeanFactory.lambda$doGetBean$0(AbstractBeanFactory.java:317)
	at org.springframework.beans.factory.support.DefaultSingletonBeanRegistry.getSingleton(DefaultSingletonBeanRegistry.java:222)
	at org.springframework.beans.factory.support.AbstractBeanFactory.doGetBean(AbstractBeanFactory.java:315)
	at org.springframework.beans.factory.support.AbstractBeanFactory.getBean(AbstractBeanFactory.java:199)
	at org.springframework.beans.factory.support.DefaultListableBeanFactory.preInstantiateSingletons(DefaultListableBeanFactory.java:759)
	at org.springframework.context.support.AbstractApplicationContext.finishBeanFactoryInitialization(AbstractApplicationContext.java:869)
	at org.springframework.context.support.AbstractApplicationContext.refresh(AbstractApplicationContext.java:550)
	at org.springframework.web.context.ContextLoader.configureAndRefreshWebApplicationContext(ContextLoader.java:409)
	at org.springframework.web.context.ContextLoader.initWebApplicationContext(ContextLoader.java:291)
	at org.springframework.web.context.ContextLoaderListener.contextInitialized(ContextLoaderListener.java:103)
	at org.apache.catalina.core.StandardContext.listenerStart(StandardContext.java:4939)
	at org.apache.catalina.core.StandardContext.startInternal(StandardContext.java:5434)
	at org.apache.catalina.util.LifecycleBase.start(LifecycleBase.java:150)
	at org.apache.catalina.core.ContainerBase$StartChild.call(ContainerBase.java:1559)
	at org.apache.catalina.core.ContainerBase$StartChild.call(ContainerBase.java:1549)
	at java.base/java.util.concurrent.FutureTask.run(FutureTask.java:264)
	at java.base/java.util.concurrent.ThreadPoolExecutor.runWorker(ThreadPoolExecutor.java:1167)
	at java.base/java.util.concurrent.ThreadPoolExecutor$Worker.run(ThreadPoolExecutor.java:641)
	at java.base/java.lang.Thread.run(Thread.java:844)
Caused by: java.lang.ClassNotFoundException: io.netty.channel.EventLoopGroup
	at org.apache.catalina.loader.WebappClassLoader.loadClass(WebappClassLoader.java:1702)
	at org.apache.catalina.loader.WebappClassLoader.loadClass(WebappClassLoader.java:1547)
	... 44 more


[INFO ] 2018-11-07 16:53:16,293 method:com.alibaba.dubbo.registry.support.AbstractRegistry.loadProperties(AbstractRegistry.java:200)
 [DUBBO] Load registry store file C:\Users\FYkf\.dubbo\dubbo-registry-e3-search-web-127.0.0.1:2181.cache, data: {cn.e3mall.search.service.SolrService=empty://192.168.0.166/cn.e3mall.search.service.SolrService?application=e3-search-web&category=configurators&dubbo=2.0.2&interface=cn.e3mall.search.service.SolrService&methods=getSolrSearchItem&pid=12168&revision=0.0.1-SNAPSHOT&side=consumer&timestamp=1541400074628 empty://192.168.0.166/cn.e3mall.search.service.SolrService?application=e3-search-web&category=routers&dubbo=2.0.2&interface=cn.e3mall.search.service.SolrService&methods=getSolrSearchItem&pid=12168&revision=0.0.1-SNAPSHOT&side=consumer&timestamp=1541400074628 dubbo://192.168.0.166:20882/cn.e3mall.search.service.SolrService?anyhost=true&application=e3-search&dubbo=2.0.2&generic=false&interface=cn.e3mall.search.service.SolrService&methods=getSolrSearchItem&pid=11908&side=provider&timeout=60000&timestamp=1541399228516}, dubbo version: 2.6.4, current host: 192.168.0.166


[INFO ] 2018-11-07 16:53:16,380 method:org.apache.curator.framework.imps.CuratorFrameworkImpl.start(CuratorFrameworkImpl.java:224)
Starting


[INFO ] 2018-11-07 16:53:16,389 method:org.apache.zookeeper.Environment.logEnv(Environment.java:100)
Client environment:zookeeper.version=3.4.13-2d71af4dbe22557fda74f9a9b4309b15a7487f03, built on 06/29/2018 00:39 GMT


[INFO ] 2018-11-07 16:53:16,391 method:org.apache.zookeeper.Environment.logEnv(Environment.java:100)
Client environment:host.name=FYkf-PC


[INFO ] 2018-11-07 16:53:16,391 method:org.apache.zookeeper.Environment.logEnv(Environment.java:100)
Client environment:java.version=9.0.4


[INFO ] 2018-11-07 16:53:16,392 method:org.apache.zookeeper.Environment.logEnv(Environment.java:100)
Client environment:java.vendor=Oracle Corporation


[INFO ] 2018-11-07 16:53:16,392 method:org.apache.zookeeper.Environment.logEnv(Environment.java:100)
Client environment:java.home=C:\Java\jdk-9.0.4


[INFO ] 2018-11-07 16:53:16,401 method:org.apache.zookeeper.Environment.logEnv(Environment.java:100)
Client environment:java.class.path=D:\Server\apache-maven-3.5.4\boot\plexus-classworlds-2.5.2.jar


[INFO ] 2018-11-07 16:53:16,402 method:org.apache.zookeeper.Environment.logEnv(Environment.java:100)
Client environment:java.library.path=C:\Java\jdk-9.0.4\bin;C:\Windows\Sun\Java\bin;C:\Windows\system32;C:\Windows;C:\ProgramData\Oracle\Java\javapath;D:\xampp\php;C:\Program Files (x86)\NVIDIA Corporation\PhysX\Common;C:\Windows\system32;C:\Windows;C:\Windows\System32\Wbem;C:\Windows\System32\WindowsPowerShell\v1.0\;D:\Program Files\TortoiseSVN\bin;D:\xampp\php;D:\xampp\mysql\bin\;D:\MGW\bin;D:\MinGW\include;D:\MinGW\lib;D:\Server\tomcat-9.0.8\lib;D:\Server\tomcat-9.0.8\bin;C:\Java\jdk-9.0.4\bin;d:\Program Files\Git\cmd;C:\Users\FYkf\AppData\Local\Programs\Python\Python35\Scripts\;C:\Users\FYkf\AppData\Local\Programs\Python\Python35\;d:\Program Files\SSH Communications Security\SSH Secure Shell;C:\Java\jdk-9.0.4\bin;D:\Server\apache-maven-3.5.4\bin\;.


[INFO ] 2018-11-07 16:53:16,403 method:org.apache.zookeeper.Environment.logEnv(Environment.java:100)
Client environment:java.io.tmpdir=C:\Users\FYkf\AppData\Local\Temp\


[INFO ] 2018-11-07 16:53:16,404 method:org.apache.zookeeper.Environment.logEnv(Environment.java:100)
Client environment:java.compiler=<NA>


[INFO ] 2018-11-07 16:53:16,404 method:org.apache.zookeeper.Environment.logEnv(Environment.java:100)
Client environment:os.name=Windows 7


[INFO ] 2018-11-07 16:53:16,405 method:org.apache.zookeeper.Environment.logEnv(Environment.java:100)
Client environment:os.arch=amd64


[INFO ] 2018-11-07 16:53:16,406 method:org.apache.zookeeper.Environment.logEnv(Environment.java:100)
Client environment:os.version=6.1


[INFO ] 2018-11-07 16:53:16,406 method:org.apache.zookeeper.Environment.logEnv(Environment.java:100)
Client environment:user.name=FYkf


[INFO ] 2018-11-07 16:53:16,407 method:org.apache.zookeeper.Environment.logEnv(Environment.java:100)
Client environment:user.home=C:\Users\FYkf


[INFO ] 2018-11-07 16:53:16,407 method:org.apache.zookeeper.Environment.logEnv(Environment.java:100)
Client environment:user.dir=D:\eclipse-workspace\e3-parent\e3-search-web


[INFO ] 2018-11-07 16:53:16,409 method:org.apache.zookeeper.ZooKeeper.<init>(ZooKeeper.java:442)
Initiating client connection, connectString=127.0.0.1:2181 sessionTimeout=60000 watcher=org.apache.curator.ConnectionState@16fa8b23


[INFO ] 2018-11-07 16:53:16,442 method:org.apache.zookeeper.ClientCnxn$SendThread.logStartConnect(ClientCnxn.java:1029)
Opening socket connection to server 127.0.0.1/127.0.0.1:2181. Will not attempt to authenticate using SASL (unknown error)


[INFO ] 2018-11-07 16:53:16,450 method:org.apache.zookeeper.ClientCnxn$SendThread.primeConnection(ClientCnxn.java:879)
Socket connection established to 127.0.0.1/127.0.0.1:2181, initiating session


[INFO ] 2018-11-07 16:53:16,479 method:com.alibaba.dubbo.registry.support.AbstractRegistry.register(AbstractRegistry.java:273)
 [DUBBO] Register: consumer://192.168.0.166/cn.e3mall.search.service.SolrService?application=e3-search-web&category=consumers&check=false&dubbo=2.0.2&interface=cn.e3mall.search.service.SolrService&methods=getSolrSearchItem&pid=64028&revision=0.0.1-SNAPSHOT&side=consumer&timestamp=1541580796138, dubbo version: 2.6.4, current host: 192.168.0.166


[INFO ] 2018-11-07 16:53:17,088 method:org.apache.zookeeper.ClientCnxn$SendThread.onConnected(ClientCnxn.java:1303)
Session establishment complete on server 127.0.0.1/127.0.0.1:2181, sessionid = 0x100002ad4da001c, negotiated timeout = 40000


[INFO ] 2018-11-07 16:53:17,096 method:org.apache.curator.framework.state.ConnectionStateManager.postState(ConnectionStateManager.java:228)
State change: CONNECTED


[INFO ] 2018-11-07 16:53:19,053 method:com.alibaba.dubbo.registry.support.AbstractRegistry.subscribe(AbstractRegistry.java:298)
 [DUBBO] Subscribe: consumer://192.168.0.166/cn.e3mall.search.service.SolrService?application=e3-search-web&category=providers,configurators,routers&dubbo=2.0.2&interface=cn.e3mall.search.service.SolrService&methods=getSolrSearchItem&pid=64028&revision=0.0.1-SNAPSHOT&side=consumer&timestamp=1541580796138, dubbo version: 2.6.4, current host: 192.168.0.166


[INFO ] 2018-11-07 16:53:19,297 method:com.alibaba.dubbo.registry.support.AbstractRegistry.notify(AbstractRegistry.java:387)
 [DUBBO] Notify urls for subscribe url consumer://192.168.0.166/cn.e3mall.search.service.SolrService?application=e3-search-web&category=providers,configurators,routers&dubbo=2.0.2&interface=cn.e3mall.search.service.SolrService&methods=getSolrSearchItem&pid=64028&revision=0.0.1-SNAPSHOT&side=consumer&timestamp=1541580796138, urls: [dubbo://192.168.0.166:20882/cn.e3mall.search.service.SolrService?anyhost=true&application=e3-search&dubbo=2.0.2&generic=false&interface=cn.e3mall.search.service.SolrService&methods=getSolrSearchItem&pid=5372&side=provider&timeout=60000&timestamp=1541580778150, empty://192.168.0.166/cn.e3mall.search.service.SolrService?application=e3-search-web&category=configurators&dubbo=2.0.2&interface=cn.e3mall.search.service.SolrService&methods=getSolrSearchItem&pid=64028&revision=0.0.1-SNAPSHOT&side=consumer&timestamp=1541580796138, empty://192.168.0.166/cn.e3mall.search.service.SolrService?application=e3-search-web&category=routers&dubbo=2.0.2&interface=cn.e3mall.search.service.SolrService&methods=getSolrSearchItem&pid=64028&revision=0.0.1-SNAPSHOT&side=consumer&timestamp=1541580796138], dubbo version: 2.6.4, current host: 192.168.0.166


[INFO ] 2018-11-07 16:53:19,430 method:com.alibaba.dubbo.remoting.transport.AbstractClient.connect(AbstractClient.java:282)
 [DUBBO] Successed connect to server /192.168.0.166:20882 from NettyClient 192.168.0.166 using dubbo version 2.6.4, channel is NettyChannel [channel=[id: 0x6025e7f1, /192.168.0.166:62908 => /192.168.0.166:20882]], dubbo version: 2.6.4, current host: 192.168.0.166


[INFO ] 2018-11-07 16:53:19,431 method:com.alibaba.dubbo.remoting.transport.AbstractClient.<init>(AbstractClient.java:91)
 [DUBBO] Start NettyClient FYkf-PC/192.168.0.166 connect to the server /192.168.0.166:20882, dubbo version: 2.6.4, current host: 192.168.0.166


[INFO ] 2018-11-07 16:53:19,494 method:com.alibaba.dubbo.config.ReferenceConfig.createProxy(ReferenceConfig.java:425)
 [DUBBO] Refer dubbo service cn.e3mall.search.service.SolrService from url zookeeper://127.0.0.1:2181/com.alibaba.dubbo.registry.RegistryService?anyhost=true&application=e3-search-web&check=false&dubbo=2.0.2&generic=false&interface=cn.e3mall.search.service.SolrService&methods=getSolrSearchItem&pid=64028&register.ip=192.168.0.166&remote.timestamp=1541580778150&revision=0.0.1-SNAPSHOT&side=consumer&timeout=60000&timestamp=1541580796138, dubbo version: 2.6.4, current host: 192.168.0.166


[INFO ] 2018-11-07 16:53:20,114 method:org.springframework.web.servlet.handler.AbstractHandlerMethodMapping$MappingRegistry.register(AbstractHandlerMethodMapping.java:547)
Mapped "{[/search]}" onto public java.lang.String cn.e3mall.search.controller.SearchController.getSearchList(java.lang.String,java.lang.Integer,org.springframework.ui.Model) throws java.lang.Exception


[INFO ] 2018-11-07 16:53:20,813 method:org.springframework.web.servlet.mvc.method.annotation.RequestMappingHandlerAdapter.initControllerAdviceCache(RequestMappingHandlerAdapter.java:574)
Looking for @ControllerAdvice: Root WebApplicationContext: startup date [Wed Nov 07 16:53:15 CST 2018]; root of context hierarchy


[INFO ] 2018-11-07 16:53:20,964 method:org.springframework.web.servlet.mvc.method.annotation.RequestMappingHandlerAdapter.initControllerAdviceCache(RequestMappingHandlerAdapter.java:574)
Looking for @ControllerAdvice: Root WebApplicationContext: startup date [Wed Nov 07 16:53:15 CST 2018]; root of context hierarchy


[INFO ] 2018-11-07 16:53:21,033 method:org.springframework.web.servlet.handler.AbstractUrlHandlerMapping.registerHandler(AbstractUrlHandlerMapping.java:373)
Mapped URL path [/css/**] onto handler 'org.springframework.web.servlet.resource.ResourceHttpRequestHandler#0'


[INFO ] 2018-11-07 16:53:21,036 method:org.springframework.web.servlet.handler.AbstractUrlHandlerMapping.registerHandler(AbstractUrlHandlerMapping.java:373)
Mapped URL path [/js/**] onto handler 'org.springframework.web.servlet.resource.ResourceHttpRequestHandler#1'


[WARN ] 2018-11-07 16:53:21,037 method:org.springframework.context.support.AbstractApplicationContext.refresh(AbstractApplicationContext.java:558)
Exception encountered during context initialization - cancelling refresh attempt: org.springframework.beans.factory.BeanCreationException: Error creating bean with name 'cn.e3mall.exception.controller.GlobalExceptionResolver#0' defined in class path resource [spring/springmvc.xml]: Instantiation of bean failed; nested exception is java.lang.ExceptionInInitializerError


[ERROR] 2018-11-07 16:53:21,040 method:org.springframework.web.context.ContextLoader.initWebApplicationContext(ContextLoader.java:316)
Context initialization failed
org.springframework.beans.factory.BeanCreationException: Error creating bean with name 'cn.e3mall.exception.controller.GlobalExceptionResolver#0' defined in class path resource [spring/springmvc.xml]: Instantiation of bean failed; nested exception is java.lang.ExceptionInInitializerError
	at org.springframework.beans.factory.support.AbstractAutowireCapableBeanFactory.instantiateBean(AbstractAutowireCapableBeanFactory.java:1229)
	at org.springframework.beans.factory.support.AbstractAutowireCapableBeanFactory.createBeanInstance(AbstractAutowireCapableBeanFactory.java:1128)
	at org.springframework.beans.factory.support.AbstractAutowireCapableBeanFactory.doCreateBean(AbstractAutowireCapableBeanFactory.java:535)
	at org.springframework.beans.factory.support.AbstractAutowireCapableBeanFactory.createBean(AbstractAutowireCapableBeanFactory.java:495)
	at org.springframework.beans.factory.support.AbstractBeanFactory.lambda$doGetBean$0(AbstractBeanFactory.java:317)
	at org.springframework.beans.factory.support.DefaultSingletonBeanRegistry.getSingleton(DefaultSingletonBeanRegistry.java:222)
	at org.springframework.beans.factory.support.AbstractBeanFactory.doGetBean(AbstractBeanFactory.java:315)
	at org.springframework.beans.factory.support.AbstractBeanFactory.getBean(AbstractBeanFactory.java:199)
	at org.springframework.beans.factory.support.DefaultListableBeanFactory.preInstantiateSingletons(DefaultListableBeanFactory.java:759)
	at org.springframework.context.support.AbstractApplicationContext.finishBeanFactoryInitialization(AbstractApplicationContext.java:869)
	at org.springframework.context.support.AbstractApplicationContext.refresh(AbstractApplicationContext.java:550)
	at org.springframework.web.context.ContextLoader.configureAndRefreshWebApplicationContext(ContextLoader.java:409)
	at org.springframework.web.context.ContextLoader.initWebApplicationContext(ContextLoader.java:291)
	at org.springframework.web.context.ContextLoaderListener.contextInitialized(ContextLoaderListener.java:103)
	at org.apache.catalina.core.StandardContext.listenerStart(StandardContext.java:4939)
	at org.apache.catalina.core.StandardContext.startInternal(StandardContext.java:5434)
	at org.apache.catalina.util.LifecycleBase.start(LifecycleBase.java:150)
	at org.apache.catalina.core.ContainerBase$StartChild.call(ContainerBase.java:1559)
	at org.apache.catalina.core.ContainerBase$StartChild.call(ContainerBase.java:1549)
	at java.base/java.util.concurrent.FutureTask.run(FutureTask.java:264)
	at java.base/java.util.concurrent.ThreadPoolExecutor.runWorker(ThreadPoolExecutor.java:1167)
	at java.base/java.util.concurrent.ThreadPoolExecutor$Worker.run(ThreadPoolExecutor.java:641)
	at java.base/java.lang.Thread.run(Thread.java:844)
Caused by: java.lang.ExceptionInInitializerError
	at java.base/jdk.internal.reflect.NativeConstructorAccessorImpl.newInstance0(Native Method)
	at java.base/jdk.internal.reflect.NativeConstructorAccessorImpl.newInstance(NativeConstructorAccessorImpl.java:62)
	at java.base/jdk.internal.reflect.DelegatingConstructorAccessorImpl.newInstance(DelegatingConstructorAccessorImpl.java:45)
	at java.base/java.lang.reflect.Constructor.newInstance(Constructor.java:488)
	at org.springframework.beans.BeanUtils.instantiateClass(BeanUtils.java:170)
	at org.springframework.beans.factory.support.SimpleInstantiationStrategy.instantiate(SimpleInstantiationStrategy.java:87)
	at org.springframework.beans.factory.support.AbstractAutowireCapableBeanFactory.instantiateBean(AbstractAutowireCapableBeanFactory.java:1221)
	... 22 more
Caused by: java.lang.ClassCastException: com.alibaba.dubbo.common.logger.support.FailsafeLogger cannot be cast to org.apache.log4j.Logger
	at cn.e3mall.exception.controller.GlobalExceptionResolver.<clinit>(GlobalExceptionResolver.java:14)
	... 29 more


[INFO ] 2018-11-07 16:55:12,862 method:org.springframework.web.context.ContextLoader.initWebApplicationContext(ContextLoader.java:270)
Root WebApplicationContext: initialization started


[INFO ] 2018-11-07 16:55:12,934 method:
using logger: com.alibaba.dubbo.common.logger.log4j.Log4jLoggerAdapter


[INFO ] 2018-11-07 16:55:12,935 method:org.springframework.context.support.AbstractApplicationContext.prepareRefresh(AbstractApplicationContext.java:590)
Refreshing Root WebApplicationContext: startup date [Wed Nov 07 16:55:12 CST 2018]; root of context hierarchy


[INFO ] 2018-11-07 16:55:12,966 method:org.springframework.beans.factory.xml.XmlBeanDefinitionReader.loadBeanDefinitions(XmlBeanDefinitionReader.java:316)
Loading XML bean definitions from class path resource [spring/springmvc.xml]


[INFO ] 2018-11-07 16:55:13,339 method:org.springframework.beans.factory.annotation.AutowiredAnnotationBeanPostProcessor.<init>(AutowiredAnnotationBeanPostProcessor.java:153)
JSR-330 'javax.inject.Inject' annotation found and supported for autowiring


[WARN ] 2018-11-07 16:55:13,424 method:com.alibaba.dubbo.config.spring.extension.SpringExtensionFactory.getExtension(SpringExtensionFactory.java:63)
 [DUBBO] No spring extension(bean) named:defaultCompiler, try to find an extension(bean) of type java.lang.String, dubbo version: 2.6.4, current host: 192.168.0.166


[WARN ] 2018-11-07 16:55:13,425 method:com.alibaba.dubbo.config.spring.extension.SpringExtensionFactory.getExtension(SpringExtensionFactory.java:77)
 [DUBBO] No spring extension(bean) named:defaultCompiler, type:java.lang.String found, stop get bean., dubbo version: 2.6.4, current host: 192.168.0.166


[WARN ] 2018-11-07 16:55:13,681 method:com.alibaba.dubbo.qos.protocol.QosProtocolWrapper.startQosServer(QosProtocolWrapper.java:101)
 [DUBBO] Fail to start qos server: , dubbo version: 2.6.4, current host: 192.168.0.166
java.lang.NoClassDefFoundError: io/netty/channel/EventLoopGroup
	at com.alibaba.dubbo.qos.protocol.QosProtocolWrapper.startQosServer(QosProtocolWrapper.java:95)
	at com.alibaba.dubbo.qos.protocol.QosProtocolWrapper.refer(QosProtocolWrapper.java:68)
	at com.alibaba.dubbo.rpc.protocol.ProtocolFilterWrapper.refer(ProtocolFilterWrapper.java:106)
	at com.alibaba.dubbo.rpc.Protocol$Adaptive.refer(Protocol$Adaptive.java)
	at com.alibaba.dubbo.config.ReferenceConfig.createProxy(ReferenceConfig.java:394)
	at com.alibaba.dubbo.config.ReferenceConfig.init(ReferenceConfig.java:333)
	at com.alibaba.dubbo.config.ReferenceConfig.get(ReferenceConfig.java:163)
	at com.alibaba.dubbo.config.spring.ReferenceBean.getObject(ReferenceBean.java:66)
	at org.springframework.beans.factory.support.FactoryBeanRegistrySupport.doGetObjectFromFactoryBean(FactoryBeanRegistrySupport.java:171)
	at org.springframework.beans.factory.support.FactoryBeanRegistrySupport.getObjectFromFactoryBean(FactoryBeanRegistrySupport.java:101)
	at org.springframework.beans.factory.support.AbstractBeanFactory.getObjectForBeanInstance(AbstractBeanFactory.java:1645)
	at org.springframework.beans.factory.support.AbstractAutowireCapableBeanFactory.getObjectForBeanInstance(AbstractAutowireCapableBeanFactory.java:1175)
	at org.springframework.beans.factory.support.AbstractBeanFactory.doGetBean(AbstractBeanFactory.java:257)
	at org.springframework.beans.factory.support.AbstractBeanFactory.getBean(AbstractBeanFactory.java:199)
	at org.springframework.beans.factory.config.DependencyDescriptor.resolveCandidate(DependencyDescriptor.java:251)
	at org.springframework.beans.factory.support.DefaultListableBeanFactory.addCandidateEntry(DefaultListableBeanFactory.java:1322)
	at org.springframework.beans.factory.support.DefaultListableBeanFactory.findAutowireCandidates(DefaultListableBeanFactory.java:1288)
	at org.springframework.beans.factory.support.DefaultListableBeanFactory.doResolveDependency(DefaultListableBeanFactory.java:1098)
	at org.springframework.beans.factory.support.DefaultListableBeanFactory.resolveDependency(DefaultListableBeanFactory.java:1062)
	at org.springframework.beans.factory.annotation.AutowiredAnnotationBeanPostProcessor$AutowiredFieldElement.inject(AutowiredAnnotationBeanPostProcessor.java:583)
	at org.springframework.beans.factory.annotation.InjectionMetadata.inject(InjectionMetadata.java:91)
	at org.springframework.beans.factory.annotation.AutowiredAnnotationBeanPostProcessor.postProcessPropertyValues(AutowiredAnnotationBeanPostProcessor.java:372)
	at org.springframework.beans.factory.support.AbstractAutowireCapableBeanFactory.populateBean(AbstractAutowireCapableBeanFactory.java:1341)
	at org.springframework.beans.factory.support.AbstractAutowireCapableBeanFactory.doCreateBean(AbstractAutowireCapableBeanFactory.java:572)
	at org.springframework.beans.factory.support.AbstractAutowireCapableBeanFactory.createBean(AbstractAutowireCapableBeanFactory.java:495)
	at org.springframework.beans.factory.support.AbstractBeanFactory.lambda$doGetBean$0(AbstractBeanFactory.java:317)
	at org.springframework.beans.factory.support.DefaultSingletonBeanRegistry.getSingleton(DefaultSingletonBeanRegistry.java:222)
	at org.springframework.beans.factory.support.AbstractBeanFactory.doGetBean(AbstractBeanFactory.java:315)
	at org.springframework.beans.factory.support.AbstractBeanFactory.getBean(AbstractBeanFactory.java:199)
	at org.springframework.beans.factory.support.DefaultListableBeanFactory.preInstantiateSingletons(DefaultListableBeanFactory.java:759)
	at org.springframework.context.support.AbstractApplicationContext.finishBeanFactoryInitialization(AbstractApplicationContext.java:869)
	at org.springframework.context.support.AbstractApplicationContext.refresh(AbstractApplicationContext.java:550)
	at org.springframework.web.context.ContextLoader.configureAndRefreshWebApplicationContext(ContextLoader.java:409)
	at org.springframework.web.context.ContextLoader.initWebApplicationContext(ContextLoader.java:291)
	at org.springframework.web.context.ContextLoaderListener.contextInitialized(ContextLoaderListener.java:103)
	at org.apache.catalina.core.StandardContext.listenerStart(StandardContext.java:4939)
	at org.apache.catalina.core.StandardContext.startInternal(StandardContext.java:5434)
	at org.apache.catalina.util.LifecycleBase.start(LifecycleBase.java:150)
	at org.apache.catalina.core.ContainerBase$StartChild.call(ContainerBase.java:1559)
	at org.apache.catalina.core.ContainerBase$StartChild.call(ContainerBase.java:1549)
	at java.base/java.util.concurrent.FutureTask.run(FutureTask.java:264)
	at java.base/java.util.concurrent.ThreadPoolExecutor.runWorker(ThreadPoolExecutor.java:1167)
	at java.base/java.util.concurrent.ThreadPoolExecutor$Worker.run(ThreadPoolExecutor.java:641)
	at java.base/java.lang.Thread.run(Thread.java:844)
Caused by: java.lang.ClassNotFoundException: io.netty.channel.EventLoopGroup
	at org.apache.catalina.loader.WebappClassLoader.loadClass(WebappClassLoader.java:1702)
	at org.apache.catalina.loader.WebappClassLoader.loadClass(WebappClassLoader.java:1547)
	... 44 more


[INFO ] 2018-11-07 16:55:14,183 method:com.alibaba.dubbo.registry.support.AbstractRegistry.loadProperties(AbstractRegistry.java:200)
 [DUBBO] Load registry store file C:\Users\FYkf\.dubbo\dubbo-registry-e3-search-web-127.0.0.1:2181.cache, data: {cn.e3mall.search.service.SolrService=empty://192.168.0.166/cn.e3mall.search.service.SolrService?application=e3-search-web&category=configurators&dubbo=2.0.2&interface=cn.e3mall.search.service.SolrService&methods=getSolrSearchItem&pid=64028&revision=0.0.1-SNAPSHOT&side=consumer&timestamp=1541580796138 empty://192.168.0.166/cn.e3mall.search.service.SolrService?application=e3-search-web&category=routers&dubbo=2.0.2&interface=cn.e3mall.search.service.SolrService&methods=getSolrSearchItem&pid=64028&revision=0.0.1-SNAPSHOT&side=consumer&timestamp=1541580796138 dubbo://192.168.0.166:20882/cn.e3mall.search.service.SolrService?anyhost=true&application=e3-search&dubbo=2.0.2&generic=false&interface=cn.e3mall.search.service.SolrService&methods=getSolrSearchItem&pid=5372&side=provider&timeout=60000&timestamp=1541580778150}, dubbo version: 2.6.4, current host: 192.168.0.166


[INFO ] 2018-11-07 16:55:14,276 method:org.apache.curator.framework.imps.CuratorFrameworkImpl.start(CuratorFrameworkImpl.java:224)
Starting


[INFO ] 2018-11-07 16:55:14,285 method:org.apache.zookeeper.Environment.logEnv(Environment.java:100)
Client environment:zookeeper.version=3.4.13-2d71af4dbe22557fda74f9a9b4309b15a7487f03, built on 06/29/2018 00:39 GMT


[INFO ] 2018-11-07 16:55:14,286 method:org.apache.zookeeper.Environment.logEnv(Environment.java:100)
Client environment:host.name=FYkf-PC


[INFO ] 2018-11-07 16:55:14,287 method:org.apache.zookeeper.Environment.logEnv(Environment.java:100)
Client environment:java.version=9.0.4


[INFO ] 2018-11-07 16:55:14,291 method:org.apache.zookeeper.Environment.logEnv(Environment.java:100)
Client environment:java.vendor=Oracle Corporation


[INFO ] 2018-11-07 16:55:14,303 method:org.apache.zookeeper.Environment.logEnv(Environment.java:100)
Client environment:java.home=C:\Java\jdk-9.0.4


[INFO ] 2018-11-07 16:55:14,304 method:org.apache.zookeeper.Environment.logEnv(Environment.java:100)
Client environment:java.class.path=D:\Server\apache-maven-3.5.4\boot\plexus-classworlds-2.5.2.jar


[INFO ] 2018-11-07 16:55:14,305 method:org.apache.zookeeper.Environment.logEnv(Environment.java:100)
Client environment:java.library.path=C:\Java\jdk-9.0.4\bin;C:\Windows\Sun\Java\bin;C:\Windows\system32;C:\Windows;C:\ProgramData\Oracle\Java\javapath;D:\xampp\php;C:\Program Files (x86)\NVIDIA Corporation\PhysX\Common;C:\Windows\system32;C:\Windows;C:\Windows\System32\Wbem;C:\Windows\System32\WindowsPowerShell\v1.0\;D:\Program Files\TortoiseSVN\bin;D:\xampp\php;D:\xampp\mysql\bin\;D:\MGW\bin;D:\MinGW\include;D:\MinGW\lib;D:\Server\tomcat-9.0.8\lib;D:\Server\tomcat-9.0.8\bin;C:\Java\jdk-9.0.4\bin;d:\Program Files\Git\cmd;C:\Users\FYkf\AppData\Local\Programs\Python\Python35\Scripts\;C:\Users\FYkf\AppData\Local\Programs\Python\Python35\;d:\Program Files\SSH Communications Security\SSH Secure Shell;C:\Java\jdk-9.0.4\bin;D:\Server\apache-maven-3.5.4\bin\;.


[INFO ] 2018-11-07 16:55:14,305 method:org.apache.zookeeper.Environment.logEnv(Environment.java:100)
Client environment:java.io.tmpdir=C:\Users\FYkf\AppData\Local\Temp\


[INFO ] 2018-11-07 16:55:14,305 method:org.apache.zookeeper.Environment.logEnv(Environment.java:100)
Client environment:java.compiler=<NA>


[INFO ] 2018-11-07 16:55:14,306 method:org.apache.zookeeper.Environment.logEnv(Environment.java:100)
Client environment:os.name=Windows 7


[INFO ] 2018-11-07 16:55:14,306 method:org.apache.zookeeper.Environment.logEnv(Environment.java:100)
Client environment:os.arch=amd64


[INFO ] 2018-11-07 16:55:14,307 method:org.apache.zookeeper.Environment.logEnv(Environment.java:100)
Client environment:os.version=6.1


[INFO ] 2018-11-07 16:55:14,307 method:org.apache.zookeeper.Environment.logEnv(Environment.java:100)
Client environment:user.name=FYkf


[INFO ] 2018-11-07 16:55:14,308 method:org.apache.zookeeper.Environment.logEnv(Environment.java:100)
Client environment:user.home=C:\Users\FYkf


[INFO ] 2018-11-07 16:55:14,308 method:org.apache.zookeeper.Environment.logEnv(Environment.java:100)
Client environment:user.dir=D:\eclipse-workspace\e3-parent\e3-search-web


[INFO ] 2018-11-07 16:55:14,310 method:org.apache.zookeeper.ZooKeeper.<init>(ZooKeeper.java:442)
Initiating client connection, connectString=127.0.0.1:2181 sessionTimeout=60000 watcher=org.apache.curator.ConnectionState@6fe1105b


[INFO ] 2018-11-07 16:55:14,442 method:com.alibaba.dubbo.registry.support.AbstractRegistry.register(AbstractRegistry.java:273)
 [DUBBO] Register: consumer://192.168.0.166/cn.e3mall.search.service.SolrService?application=e3-search-web&category=consumers&check=false&dubbo=2.0.2&interface=cn.e3mall.search.service.SolrService&methods=getSolrSearchItem&pid=65980&revision=0.0.1-SNAPSHOT&side=consumer&timestamp=1541580913628, dubbo version: 2.6.4, current host: 192.168.0.166


[INFO ] 2018-11-07 16:55:14,443 method:org.apache.zookeeper.ClientCnxn$SendThread.logStartConnect(ClientCnxn.java:1029)
Opening socket connection to server 127.0.0.1/127.0.0.1:2181. Will not attempt to authenticate using SASL (unknown error)


[INFO ] 2018-11-07 16:55:14,464 method:org.apache.zookeeper.ClientCnxn$SendThread.primeConnection(ClientCnxn.java:879)
Socket connection established to 127.0.0.1/127.0.0.1:2181, initiating session


[INFO ] 2018-11-07 16:55:15,572 method:org.apache.zookeeper.ClientCnxn$SendThread.onConnected(ClientCnxn.java:1303)
Session establishment complete on server 127.0.0.1/127.0.0.1:2181, sessionid = 0x100002ad4da001d, negotiated timeout = 40000


[INFO ] 2018-11-07 16:55:15,581 method:org.apache.curator.framework.state.ConnectionStateManager.postState(ConnectionStateManager.java:228)
State change: CONNECTED


[INFO ] 2018-11-07 16:55:17,580 method:com.alibaba.dubbo.registry.support.AbstractRegistry.subscribe(AbstractRegistry.java:298)
 [DUBBO] Subscribe: consumer://192.168.0.166/cn.e3mall.search.service.SolrService?application=e3-search-web&category=providers,configurators,routers&dubbo=2.0.2&interface=cn.e3mall.search.service.SolrService&methods=getSolrSearchItem&pid=65980&revision=0.0.1-SNAPSHOT&side=consumer&timestamp=1541580913628, dubbo version: 2.6.4, current host: 192.168.0.166


[INFO ] 2018-11-07 16:55:17,598 method:com.alibaba.dubbo.registry.support.AbstractRegistry.notify(AbstractRegistry.java:387)
 [DUBBO] Notify urls for subscribe url consumer://192.168.0.166/cn.e3mall.search.service.SolrService?application=e3-search-web&category=providers,configurators,routers&dubbo=2.0.2&interface=cn.e3mall.search.service.SolrService&methods=getSolrSearchItem&pid=65980&revision=0.0.1-SNAPSHOT&side=consumer&timestamp=1541580913628, urls: [dubbo://192.168.0.166:20882/cn.e3mall.search.service.SolrService?anyhost=true&application=e3-search&dubbo=2.0.2&generic=false&interface=cn.e3mall.search.service.SolrService&methods=getSolrSearchItem&pid=5372&side=provider&timeout=60000&timestamp=1541580778150, empty://192.168.0.166/cn.e3mall.search.service.SolrService?application=e3-search-web&category=configurators&dubbo=2.0.2&interface=cn.e3mall.search.service.SolrService&methods=getSolrSearchItem&pid=65980&revision=0.0.1-SNAPSHOT&side=consumer&timestamp=1541580913628, empty://192.168.0.166/cn.e3mall.search.service.SolrService?application=e3-search-web&category=routers&dubbo=2.0.2&interface=cn.e3mall.search.service.SolrService&methods=getSolrSearchItem&pid=65980&revision=0.0.1-SNAPSHOT&side=consumer&timestamp=1541580913628], dubbo version: 2.6.4, current host: 192.168.0.166


[INFO ] 2018-11-07 16:55:17,739 method:com.alibaba.dubbo.remoting.transport.AbstractClient.connect(AbstractClient.java:282)
 [DUBBO] Successed connect to server /192.168.0.166:20882 from NettyClient 192.168.0.166 using dubbo version 2.6.4, channel is NettyChannel [channel=[id: 0x7c9beb47, /192.168.0.166:63084 => /192.168.0.166:20882]], dubbo version: 2.6.4, current host: 192.168.0.166


[INFO ] 2018-11-07 16:55:17,740 method:com.alibaba.dubbo.remoting.transport.AbstractClient.<init>(AbstractClient.java:91)
 [DUBBO] Start NettyClient FYkf-PC/192.168.0.166 connect to the server /192.168.0.166:20882, dubbo version: 2.6.4, current host: 192.168.0.166


[INFO ] 2018-11-07 16:55:17,796 method:com.alibaba.dubbo.config.ReferenceConfig.createProxy(ReferenceConfig.java:425)
 [DUBBO] Refer dubbo service cn.e3mall.search.service.SolrService from url zookeeper://127.0.0.1:2181/com.alibaba.dubbo.registry.RegistryService?anyhost=true&application=e3-search-web&check=false&dubbo=2.0.2&generic=false&interface=cn.e3mall.search.service.SolrService&methods=getSolrSearchItem&pid=65980&register.ip=192.168.0.166&remote.timestamp=1541580778150&revision=0.0.1-SNAPSHOT&side=consumer&timeout=60000&timestamp=1541580913628, dubbo version: 2.6.4, current host: 192.168.0.166


[INFO ] 2018-11-07 16:55:18,064 method:org.springframework.web.servlet.handler.AbstractHandlerMethodMapping$MappingRegistry.register(AbstractHandlerMethodMapping.java:547)
Mapped "{[/search]}" onto public java.lang.String cn.e3mall.search.controller.SearchController.getSearchList(java.lang.String,java.lang.Integer,org.springframework.ui.Model) throws java.lang.Exception


[INFO ] 2018-11-07 16:55:18,350 method:org.springframework.web.servlet.mvc.method.annotation.RequestMappingHandlerAdapter.initControllerAdviceCache(RequestMappingHandlerAdapter.java:574)
Looking for @ControllerAdvice: Root WebApplicationContext: startup date [Wed Nov 07 16:55:12 CST 2018]; root of context hierarchy


[INFO ] 2018-11-07 16:55:18,404 method:org.springframework.web.servlet.mvc.method.annotation.RequestMappingHandlerAdapter.initControllerAdviceCache(RequestMappingHandlerAdapter.java:574)
Looking for @ControllerAdvice: Root WebApplicationContext: startup date [Wed Nov 07 16:55:12 CST 2018]; root of context hierarchy


[INFO ] 2018-11-07 16:55:18,493 method:org.springframework.web.servlet.handler.AbstractUrlHandlerMapping.registerHandler(AbstractUrlHandlerMapping.java:373)
Mapped URL path [/css/**] onto handler 'org.springframework.web.servlet.resource.ResourceHttpRequestHandler#0'


[INFO ] 2018-11-07 16:55:18,497 method:org.springframework.web.servlet.handler.AbstractUrlHandlerMapping.registerHandler(AbstractUrlHandlerMapping.java:373)
Mapped URL path [/js/**] onto handler 'org.springframework.web.servlet.resource.ResourceHttpRequestHandler#1'


[WARN ] 2018-11-07 16:55:18,499 method:org.springframework.context.support.AbstractApplicationContext.refresh(AbstractApplicationContext.java:558)
Exception encountered during context initialization - cancelling refresh attempt: org.springframework.beans.factory.BeanCreationException: Error creating bean with name 'cn.e3mall.exception.controller.GlobalExceptionResolver#0' defined in class path resource [spring/springmvc.xml]: Instantiation of bean failed; nested exception is java.lang.ExceptionInInitializerError


[ERROR] 2018-11-07 16:55:18,503 method:org.springframework.web.context.ContextLoader.initWebApplicationContext(ContextLoader.java:316)
Context initialization failed
org.springframework.beans.factory.BeanCreationException: Error creating bean with name 'cn.e3mall.exception.controller.GlobalExceptionResolver#0' defined in class path resource [spring/springmvc.xml]: Instantiation of bean failed; nested exception is java.lang.ExceptionInInitializerError
	at org.springframework.beans.factory.support.AbstractAutowireCapableBeanFactory.instantiateBean(AbstractAutowireCapableBeanFactory.java:1229)
	at org.springframework.beans.factory.support.AbstractAutowireCapableBeanFactory.createBeanInstance(AbstractAutowireCapableBeanFactory.java:1128)
	at org.springframework.beans.factory.support.AbstractAutowireCapableBeanFactory.doCreateBean(AbstractAutowireCapableBeanFactory.java:535)
	at org.springframework.beans.factory.support.AbstractAutowireCapableBeanFactory.createBean(AbstractAutowireCapableBeanFactory.java:495)
	at org.springframework.beans.factory.support.AbstractBeanFactory.lambda$doGetBean$0(AbstractBeanFactory.java:317)
	at org.springframework.beans.factory.support.DefaultSingletonBeanRegistry.getSingleton(DefaultSingletonBeanRegistry.java:222)
	at org.springframework.beans.factory.support.AbstractBeanFactory.doGetBean(AbstractBeanFactory.java:315)
	at org.springframework.beans.factory.support.AbstractBeanFactory.getBean(AbstractBeanFactory.java:199)
	at org.springframework.beans.factory.support.DefaultListableBeanFactory.preInstantiateSingletons(DefaultListableBeanFactory.java:759)
	at org.springframework.context.support.AbstractApplicationContext.finishBeanFactoryInitialization(AbstractApplicationContext.java:869)
	at org.springframework.context.support.AbstractApplicationContext.refresh(AbstractApplicationContext.java:550)
	at org.springframework.web.context.ContextLoader.configureAndRefreshWebApplicationContext(ContextLoader.java:409)
	at org.springframework.web.context.ContextLoader.initWebApplicationContext(ContextLoader.java:291)
	at org.springframework.web.context.ContextLoaderListener.contextInitialized(ContextLoaderListener.java:103)
	at org.apache.catalina.core.StandardContext.listenerStart(StandardContext.java:4939)
	at org.apache.catalina.core.StandardContext.startInternal(StandardContext.java:5434)
	at org.apache.catalina.util.LifecycleBase.start(LifecycleBase.java:150)
	at org.apache.catalina.core.ContainerBase$StartChild.call(ContainerBase.java:1559)
	at org.apache.catalina.core.ContainerBase$StartChild.call(ContainerBase.java:1549)
	at java.base/java.util.concurrent.FutureTask.run(FutureTask.java:264)
	at java.base/java.util.concurrent.ThreadPoolExecutor.runWorker(ThreadPoolExecutor.java:1167)
	at java.base/java.util.concurrent.ThreadPoolExecutor$Worker.run(ThreadPoolExecutor.java:641)
	at java.base/java.lang.Thread.run(Thread.java:844)
Caused by: java.lang.ExceptionInInitializerError
	at java.base/jdk.internal.reflect.NativeConstructorAccessorImpl.newInstance0(Native Method)
	at java.base/jdk.internal.reflect.NativeConstructorAccessorImpl.newInstance(NativeConstructorAccessorImpl.java:62)
	at java.base/jdk.internal.reflect.DelegatingConstructorAccessorImpl.newInstance(DelegatingConstructorAccessorImpl.java:45)
	at java.base/java.lang.reflect.Constructor.newInstance(Constructor.java:488)
	at org.springframework.beans.BeanUtils.instantiateClass(BeanUtils.java:170)
	at org.springframework.beans.factory.support.SimpleInstantiationStrategy.instantiate(SimpleInstantiationStrategy.java:87)
	at org.springframework.beans.factory.support.AbstractAutowireCapableBeanFactory.instantiateBean(AbstractAutowireCapableBeanFactory.java:1221)
	... 22 more
Caused by: java.lang.ClassCastException: com.alibaba.dubbo.common.logger.support.FailsafeLogger cannot be cast to org.slf4j.Logger
	at cn.e3mall.exception.controller.GlobalExceptionResolver.<clinit>(GlobalExceptionResolver.java:14)
	... 29 more


[INFO ] 2018-11-07 16:57:32,350 method:org.springframework.web.context.ContextLoader.initWebApplicationContext(ContextLoader.java:270)
Root WebApplicationContext: initialization started


[INFO ] 2018-11-07 16:57:32,419 method:
using logger: com.alibaba.dubbo.common.logger.log4j.Log4jLoggerAdapter


[INFO ] 2018-11-07 16:57:32,420 method:org.springframework.context.support.AbstractApplicationContext.prepareRefresh(AbstractApplicationContext.java:590)
Refreshing Root WebApplicationContext: startup date [Wed Nov 07 16:57:32 CST 2018]; root of context hierarchy


[INFO ] 2018-11-07 16:57:32,465 method:org.springframework.beans.factory.xml.XmlBeanDefinitionReader.loadBeanDefinitions(XmlBeanDefinitionReader.java:316)
Loading XML bean definitions from class path resource [spring/springmvc.xml]


[INFO ] 2018-11-07 16:57:32,837 method:org.springframework.beans.factory.annotation.AutowiredAnnotationBeanPostProcessor.<init>(AutowiredAnnotationBeanPostProcessor.java:153)
JSR-330 'javax.inject.Inject' annotation found and supported for autowiring


[WARN ] 2018-11-07 16:57:32,920 method:com.alibaba.dubbo.config.spring.extension.SpringExtensionFactory.getExtension(SpringExtensionFactory.java:63)
 [DUBBO] No spring extension(bean) named:defaultCompiler, try to find an extension(bean) of type java.lang.String, dubbo version: 2.6.4, current host: 192.168.0.166


[WARN ] 2018-11-07 16:57:32,921 method:com.alibaba.dubbo.config.spring.extension.SpringExtensionFactory.getExtension(SpringExtensionFactory.java:77)
 [DUBBO] No spring extension(bean) named:defaultCompiler, type:java.lang.String found, stop get bean., dubbo version: 2.6.4, current host: 192.168.0.166


[WARN ] 2018-11-07 16:57:33,124 method:com.alibaba.dubbo.qos.protocol.QosProtocolWrapper.startQosServer(QosProtocolWrapper.java:101)
 [DUBBO] Fail to start qos server: , dubbo version: 2.6.4, current host: 192.168.0.166
java.lang.NoClassDefFoundError: io/netty/channel/EventLoopGroup
	at com.alibaba.dubbo.qos.protocol.QosProtocolWrapper.startQosServer(QosProtocolWrapper.java:95)
	at com.alibaba.dubbo.qos.protocol.QosProtocolWrapper.refer(QosProtocolWrapper.java:68)
	at com.alibaba.dubbo.rpc.protocol.ProtocolFilterWrapper.refer(ProtocolFilterWrapper.java:106)
	at com.alibaba.dubbo.rpc.protocol.ProtocolListenerWrapper.refer(ProtocolListenerWrapper.java:65)
	at com.alibaba.dubbo.rpc.Protocol$Adaptive.refer(Protocol$Adaptive.java)
	at com.alibaba.dubbo.config.ReferenceConfig.createProxy(ReferenceConfig.java:394)
	at com.alibaba.dubbo.config.ReferenceConfig.init(ReferenceConfig.java:333)
	at com.alibaba.dubbo.config.ReferenceConfig.get(ReferenceConfig.java:163)
	at com.alibaba.dubbo.config.spring.ReferenceBean.getObject(ReferenceBean.java:66)
	at org.springframework.beans.factory.support.FactoryBeanRegistrySupport.doGetObjectFromFactoryBean(FactoryBeanRegistrySupport.java:171)
	at org.springframework.beans.factory.support.FactoryBeanRegistrySupport.getObjectFromFactoryBean(FactoryBeanRegistrySupport.java:101)
	at org.springframework.beans.factory.support.AbstractBeanFactory.getObjectForBeanInstance(AbstractBeanFactory.java:1645)
	at org.springframework.beans.factory.support.AbstractAutowireCapableBeanFactory.getObjectForBeanInstance(AbstractAutowireCapableBeanFactory.java:1175)
	at org.springframework.beans.factory.support.AbstractBeanFactory.doGetBean(AbstractBeanFactory.java:257)
	at org.springframework.beans.factory.support.AbstractBeanFactory.getBean(AbstractBeanFactory.java:199)
	at org.springframework.beans.factory.config.DependencyDescriptor.resolveCandidate(DependencyDescriptor.java:251)
	at org.springframework.beans.factory.support.DefaultListableBeanFactory.addCandidateEntry(DefaultListableBeanFactory.java:1322)
	at org.springframework.beans.factory.support.DefaultListableBeanFactory.findAutowireCandidates(DefaultListableBeanFactory.java:1288)
	at org.springframework.beans.factory.support.DefaultListableBeanFactory.doResolveDependency(DefaultListableBeanFactory.java:1098)
	at org.springframework.beans.factory.support.DefaultListableBeanFactory.resolveDependency(DefaultListableBeanFactory.java:1062)
	at org.springframework.beans.factory.annotation.AutowiredAnnotationBeanPostProcessor$AutowiredFieldElement.inject(AutowiredAnnotationBeanPostProcessor.java:583)
	at org.springframework.beans.factory.annotation.InjectionMetadata.inject(InjectionMetadata.java:91)
	at org.springframework.beans.factory.annotation.AutowiredAnnotationBeanPostProcessor.postProcessPropertyValues(AutowiredAnnotationBeanPostProcessor.java:372)
	at org.springframework.beans.factory.support.AbstractAutowireCapableBeanFactory.populateBean(AbstractAutowireCapableBeanFactory.java:1341)
	at org.springframework.beans.factory.support.AbstractAutowireCapableBeanFactory.doCreateBean(AbstractAutowireCapableBeanFactory.java:572)
	at org.springframework.beans.factory.support.AbstractAutowireCapableBeanFactory.createBean(AbstractAutowireCapableBeanFactory.java:495)
	at org.springframework.beans.factory.support.AbstractBeanFactory.lambda$doGetBean$0(AbstractBeanFactory.java:317)
	at org.springframework.beans.factory.support.DefaultSingletonBeanRegistry.getSingleton(DefaultSingletonBeanRegistry.java:222)
	at org.springframework.beans.factory.support.AbstractBeanFactory.doGetBean(AbstractBeanFactory.java:315)
	at org.springframework.beans.factory.support.AbstractBeanFactory.getBean(AbstractBeanFactory.java:199)
	at org.springframework.beans.factory.support.DefaultListableBeanFactory.preInstantiateSingletons(DefaultListableBeanFactory.java:759)
	at org.springframework.context.support.AbstractApplicationContext.finishBeanFactoryInitialization(AbstractApplicationContext.java:869)
	at org.springframework.context.support.AbstractApplicationContext.refresh(AbstractApplicationContext.java:550)
	at org.springframework.web.context.ContextLoader.configureAndRefreshWebApplicationContext(ContextLoader.java:409)
	at org.springframework.web.context.ContextLoader.initWebApplicationContext(ContextLoader.java:291)
	at org.springframework.web.context.ContextLoaderListener.contextInitialized(ContextLoaderListener.java:103)
	at org.apache.catalina.core.StandardContext.listenerStart(StandardContext.java:4939)
	at org.apache.catalina.core.StandardContext.startInternal(StandardContext.java:5434)
	at org.apache.catalina.util.LifecycleBase.start(LifecycleBase.java:150)
	at org.apache.catalina.core.ContainerBase$StartChild.call(ContainerBase.java:1559)
	at org.apache.catalina.core.ContainerBase$StartChild.call(ContainerBase.java:1549)
	at java.base/java.util.concurrent.FutureTask.run(FutureTask.java:264)
	at java.base/java.util.concurrent.ThreadPoolExecutor.runWorker(ThreadPoolExecutor.java:1167)
	at java.base/java.util.concurrent.ThreadPoolExecutor$Worker.run(ThreadPoolExecutor.java:641)
	at java.base/java.lang.Thread.run(Thread.java:844)
Caused by: java.lang.ClassNotFoundException: io.netty.channel.EventLoopGroup
	at org.apache.catalina.loader.WebappClassLoader.loadClass(WebappClassLoader.java:1702)
	at org.apache.catalina.loader.WebappClassLoader.loadClass(WebappClassLoader.java:1547)
	... 45 more


[INFO ] 2018-11-07 16:57:33,142 method:com.alibaba.dubbo.registry.support.AbstractRegistry.loadProperties(AbstractRegistry.java:200)
 [DUBBO] Load registry store file C:\Users\FYkf\.dubbo\dubbo-registry-e3-search-web-127.0.0.1:2181.cache, data: {cn.e3mall.search.service.SolrService=empty://192.168.0.166/cn.e3mall.search.service.SolrService?application=e3-search-web&category=configurators&dubbo=2.0.2&interface=cn.e3mall.search.service.SolrService&methods=getSolrSearchItem&pid=65980&revision=0.0.1-SNAPSHOT&side=consumer&timestamp=1541580913628 empty://192.168.0.166/cn.e3mall.search.service.SolrService?application=e3-search-web&category=routers&dubbo=2.0.2&interface=cn.e3mall.search.service.SolrService&methods=getSolrSearchItem&pid=65980&revision=0.0.1-SNAPSHOT&side=consumer&timestamp=1541580913628 dubbo://192.168.0.166:20882/cn.e3mall.search.service.SolrService?anyhost=true&application=e3-search&dubbo=2.0.2&generic=false&interface=cn.e3mall.search.service.SolrService&methods=getSolrSearchItem&pid=5372&side=provider&timeout=60000&timestamp=1541580778150}, dubbo version: 2.6.4, current host: 192.168.0.166


[INFO ] 2018-11-07 16:57:33,216 method:org.apache.curator.framework.imps.CuratorFrameworkImpl.start(CuratorFrameworkImpl.java:224)
Starting


[INFO ] 2018-11-07 16:57:33,225 method:org.apache.zookeeper.Environment.logEnv(Environment.java:100)
Client environment:zookeeper.version=3.4.13-2d71af4dbe22557fda74f9a9b4309b15a7487f03, built on 06/29/2018 00:39 GMT


[INFO ] 2018-11-07 16:57:33,225 method:org.apache.zookeeper.Environment.logEnv(Environment.java:100)
Client environment:host.name=FYkf-PC


[INFO ] 2018-11-07 16:57:33,226 method:org.apache.zookeeper.Environment.logEnv(Environment.java:100)
Client environment:java.version=9.0.4


[INFO ] 2018-11-07 16:57:33,226 method:org.apache.zookeeper.Environment.logEnv(Environment.java:100)
Client environment:java.vendor=Oracle Corporation


[INFO ] 2018-11-07 16:57:33,226 method:org.apache.zookeeper.Environment.logEnv(Environment.java:100)
Client environment:java.home=C:\Java\jdk-9.0.4


[INFO ] 2018-11-07 16:57:33,227 method:org.apache.zookeeper.Environment.logEnv(Environment.java:100)
Client environment:java.class.path=D:\Server\apache-maven-3.5.4\boot\plexus-classworlds-2.5.2.jar


[INFO ] 2018-11-07 16:57:33,227 method:org.apache.zookeeper.Environment.logEnv(Environment.java:100)
Client environment:java.library.path=C:\Java\jdk-9.0.4\bin;C:\Windows\Sun\Java\bin;C:\Windows\system32;C:\Windows;C:\ProgramData\Oracle\Java\javapath;D:\xampp\php;C:\Program Files (x86)\NVIDIA Corporation\PhysX\Common;C:\Windows\system32;C:\Windows;C:\Windows\System32\Wbem;C:\Windows\System32\WindowsPowerShell\v1.0\;D:\Program Files\TortoiseSVN\bin;D:\xampp\php;D:\xampp\mysql\bin\;D:\MGW\bin;D:\MinGW\include;D:\MinGW\lib;D:\Server\tomcat-9.0.8\lib;D:\Server\tomcat-9.0.8\bin;C:\Java\jdk-9.0.4\bin;d:\Program Files\Git\cmd;C:\Users\FYkf\AppData\Local\Programs\Python\Python35\Scripts\;C:\Users\FYkf\AppData\Local\Programs\Python\Python35\;d:\Program Files\SSH Communications Security\SSH Secure Shell;C:\Java\jdk-9.0.4\bin;D:\Server\apache-maven-3.5.4\bin\;.


[INFO ] 2018-11-07 16:57:33,227 method:org.apache.zookeeper.Environment.logEnv(Environment.java:100)
Client environment:java.io.tmpdir=C:\Users\FYkf\AppData\Local\Temp\


[INFO ] 2018-11-07 16:57:33,228 method:org.apache.zookeeper.Environment.logEnv(Environment.java:100)
Client environment:java.compiler=<NA>


[INFO ] 2018-11-07 16:57:33,228 method:org.apache.zookeeper.Environment.logEnv(Environment.java:100)
Client environment:os.name=Windows 7


[INFO ] 2018-11-07 16:57:33,229 method:org.apache.zookeeper.Environment.logEnv(Environment.java:100)
Client environment:os.arch=amd64


[INFO ] 2018-11-07 16:57:33,229 method:org.apache.zookeeper.Environment.logEnv(Environment.java:100)
Client environment:os.version=6.1


[INFO ] 2018-11-07 16:57:33,230 method:org.apache.zookeeper.Environment.logEnv(Environment.java:100)
Client environment:user.name=FYkf


[INFO ] 2018-11-07 16:57:33,230 method:org.apache.zookeeper.Environment.logEnv(Environment.java:100)
Client environment:user.home=C:\Users\FYkf


[INFO ] 2018-11-07 16:57:33,230 method:org.apache.zookeeper.Environment.logEnv(Environment.java:100)
Client environment:user.dir=D:\eclipse-workspace\e3-parent\e3-search-web


[INFO ] 2018-11-07 16:57:33,231 method:org.apache.zookeeper.ZooKeeper.<init>(ZooKeeper.java:442)
Initiating client connection, connectString=127.0.0.1:2181 sessionTimeout=60000 watcher=org.apache.curator.ConnectionState@45061826


[INFO ] 2018-11-07 16:57:33,265 method:org.apache.zookeeper.ClientCnxn$SendThread.logStartConnect(ClientCnxn.java:1029)
Opening socket connection to server 127.0.0.1/127.0.0.1:2181. Will not attempt to authenticate using SASL (unknown error)


[INFO ] 2018-11-07 16:57:33,290 method:com.alibaba.dubbo.registry.support.AbstractRegistry.register(AbstractRegistry.java:273)
 [DUBBO] Register: consumer://192.168.0.166/cn.e3mall.search.service.SolrService?application=e3-search-web&category=consumers&check=false&dubbo=2.0.2&interface=cn.e3mall.search.service.SolrService&methods=getSolrSearchItem&pid=63392&revision=0.0.1-SNAPSHOT&side=consumer&timestamp=1541581053076, dubbo version: 2.6.4, current host: 192.168.0.166


[INFO ] 2018-11-07 16:57:33,292 method:org.apache.zookeeper.ClientCnxn$SendThread.primeConnection(ClientCnxn.java:879)
Socket connection established to 127.0.0.1/127.0.0.1:2181, initiating session


[INFO ] 2018-11-07 16:57:34,309 method:org.apache.zookeeper.ClientCnxn$SendThread.onConnected(ClientCnxn.java:1303)
Session establishment complete on server 127.0.0.1/127.0.0.1:2181, sessionid = 0x100002ad4da001e, negotiated timeout = 40000


[INFO ] 2018-11-07 16:57:34,318 method:org.apache.curator.framework.state.ConnectionStateManager.postState(ConnectionStateManager.java:228)
State change: CONNECTED


[INFO ] 2018-11-07 16:57:36,216 method:com.alibaba.dubbo.registry.support.AbstractRegistry.subscribe(AbstractRegistry.java:298)
 [DUBBO] Subscribe: consumer://192.168.0.166/cn.e3mall.search.service.SolrService?application=e3-search-web&category=providers,configurators,routers&dubbo=2.0.2&interface=cn.e3mall.search.service.SolrService&methods=getSolrSearchItem&pid=63392&revision=0.0.1-SNAPSHOT&side=consumer&timestamp=1541581053076, dubbo version: 2.6.4, current host: 192.168.0.166


[INFO ] 2018-11-07 16:57:36,236 method:com.alibaba.dubbo.registry.support.AbstractRegistry.notify(AbstractRegistry.java:387)
 [DUBBO] Notify urls for subscribe url consumer://192.168.0.166/cn.e3mall.search.service.SolrService?application=e3-search-web&category=providers,configurators,routers&dubbo=2.0.2&interface=cn.e3mall.search.service.SolrService&methods=getSolrSearchItem&pid=63392&revision=0.0.1-SNAPSHOT&side=consumer&timestamp=1541581053076, urls: [dubbo://192.168.0.166:20882/cn.e3mall.search.service.SolrService?anyhost=true&application=e3-search&dubbo=2.0.2&generic=false&interface=cn.e3mall.search.service.SolrService&methods=getSolrSearchItem&pid=5372&side=provider&timeout=60000&timestamp=1541580778150, empty://192.168.0.166/cn.e3mall.search.service.SolrService?application=e3-search-web&category=configurators&dubbo=2.0.2&interface=cn.e3mall.search.service.SolrService&methods=getSolrSearchItem&pid=63392&revision=0.0.1-SNAPSHOT&side=consumer&timestamp=1541581053076, empty://192.168.0.166/cn.e3mall.search.service.SolrService?application=e3-search-web&category=routers&dubbo=2.0.2&interface=cn.e3mall.search.service.SolrService&methods=getSolrSearchItem&pid=63392&revision=0.0.1-SNAPSHOT&side=consumer&timestamp=1541581053076], dubbo version: 2.6.4, current host: 192.168.0.166


[INFO ] 2018-11-07 16:57:36,389 method:com.alibaba.dubbo.remoting.transport.AbstractClient.connect(AbstractClient.java:282)
 [DUBBO] Successed connect to server /192.168.0.166:20882 from NettyClient 192.168.0.166 using dubbo version 2.6.4, channel is NettyChannel [channel=[id: 0x17290120, /192.168.0.166:63311 => /192.168.0.166:20882]], dubbo version: 2.6.4, current host: 192.168.0.166


[INFO ] 2018-11-07 16:57:36,390 method:com.alibaba.dubbo.remoting.transport.AbstractClient.<init>(AbstractClient.java:91)
 [DUBBO] Start NettyClient FYkf-PC/192.168.0.166 connect to the server /192.168.0.166:20882, dubbo version: 2.6.4, current host: 192.168.0.166


[INFO ] 2018-11-07 16:57:36,460 method:com.alibaba.dubbo.config.ReferenceConfig.createProxy(ReferenceConfig.java:425)
 [DUBBO] Refer dubbo service cn.e3mall.search.service.SolrService from url zookeeper://127.0.0.1:2181/com.alibaba.dubbo.registry.RegistryService?anyhost=true&application=e3-search-web&check=false&dubbo=2.0.2&generic=false&interface=cn.e3mall.search.service.SolrService&methods=getSolrSearchItem&pid=63392&register.ip=192.168.0.166&remote.timestamp=1541580778150&revision=0.0.1-SNAPSHOT&side=consumer&timeout=60000&timestamp=1541581053076, dubbo version: 2.6.4, current host: 192.168.0.166


[INFO ] 2018-11-07 16:57:36,741 method:org.springframework.web.servlet.handler.AbstractHandlerMethodMapping$MappingRegistry.register(AbstractHandlerMethodMapping.java:547)
Mapped "{[/search]}" onto public java.lang.String cn.e3mall.search.controller.SearchController.getSearchList(java.lang.String,java.lang.Integer,org.springframework.ui.Model) throws java.lang.Exception


[INFO ] 2018-11-07 16:57:37,080 method:org.springframework.web.servlet.mvc.method.annotation.RequestMappingHandlerAdapter.initControllerAdviceCache(RequestMappingHandlerAdapter.java:574)
Looking for @ControllerAdvice: Root WebApplicationContext: startup date [Wed Nov 07 16:57:32 CST 2018]; root of context hierarchy


[INFO ] 2018-11-07 16:57:37,129 method:org.springframework.web.servlet.mvc.method.annotation.RequestMappingHandlerAdapter.initControllerAdviceCache(RequestMappingHandlerAdapter.java:574)
Looking for @ControllerAdvice: Root WebApplicationContext: startup date [Wed Nov 07 16:57:32 CST 2018]; root of context hierarchy


[INFO ] 2018-11-07 16:57:37,228 method:org.springframework.web.servlet.handler.AbstractUrlHandlerMapping.registerHandler(AbstractUrlHandlerMapping.java:373)
Mapped URL path [/css/**] onto handler 'org.springframework.web.servlet.resource.ResourceHttpRequestHandler#0'


[INFO ] 2018-11-07 16:57:37,233 method:org.springframework.web.servlet.handler.AbstractUrlHandlerMapping.registerHandler(AbstractUrlHandlerMapping.java:373)
Mapped URL path [/js/**] onto handler 'org.springframework.web.servlet.resource.ResourceHttpRequestHandler#1'


[INFO ] 2018-11-07 16:57:37,342 method:org.springframework.web.context.ContextLoader.initWebApplicationContext(ContextLoader.java:310)
Root WebApplicationContext: initialization completed in 4990 ms


[INFO ] 2018-11-07 16:57:37,454 method:org.springframework.web.servlet.FrameworkServlet.initServletBean(FrameworkServlet.java:494)
FrameworkServlet 'e3-search-web': initialization started


[INFO ] 2018-11-07 16:57:37,458 method:org.springframework.context.support.AbstractApplicationContext.prepareRefresh(AbstractApplicationContext.java:590)
Refreshing WebApplicationContext for namespace 'e3-search-web-servlet': startup date [Wed Nov 07 16:57:37 CST 2018]; parent: Root WebApplicationContext


[INFO ] 2018-11-07 16:57:37,458 method:org.springframework.beans.factory.xml.XmlBeanDefinitionReader.loadBeanDefinitions(XmlBeanDefinitionReader.java:316)
Loading XML bean definitions from class path resource [spring/springmvc.xml]


[INFO ] 2018-11-07 16:57:37,522 method:org.springframework.beans.factory.annotation.AutowiredAnnotationBeanPostProcessor.<init>(AutowiredAnnotationBeanPostProcessor.java:153)
JSR-330 'javax.inject.Inject' annotation found and supported for autowiring


[INFO ] 2018-11-07 16:57:37,539 method:com.alibaba.dubbo.registry.support.AbstractRegistry.register(AbstractRegistry.java:273)
 [DUBBO] Register: consumer://192.168.0.166/cn.e3mall.search.service.SolrService?application=e3-search-web&category=consumers&check=false&dubbo=2.0.2&interface=cn.e3mall.search.service.SolrService&methods=getSolrSearchItem&pid=63392&revision=0.0.1-SNAPSHOT&side=consumer&timestamp=1541581057538, dubbo version: 2.6.4, current host: 192.168.0.166


[INFO ] 2018-11-07 16:57:38,173 method:com.alibaba.dubbo.registry.support.AbstractRegistry.subscribe(AbstractRegistry.java:298)
 [DUBBO] Subscribe: consumer://192.168.0.166/cn.e3mall.search.service.SolrService?application=e3-search-web&category=providers,configurators,routers&dubbo=2.0.2&interface=cn.e3mall.search.service.SolrService&methods=getSolrSearchItem&pid=63392&revision=0.0.1-SNAPSHOT&side=consumer&timestamp=1541581057538, dubbo version: 2.6.4, current host: 192.168.0.166


[INFO ] 2018-11-07 16:57:38,225 method:com.alibaba.dubbo.registry.support.AbstractRegistry.notify(AbstractRegistry.java:387)
 [DUBBO] Notify urls for subscribe url consumer://192.168.0.166/cn.e3mall.search.service.SolrService?application=e3-search-web&category=providers,configurators,routers&dubbo=2.0.2&interface=cn.e3mall.search.service.SolrService&methods=getSolrSearchItem&pid=63392&revision=0.0.1-SNAPSHOT&side=consumer&timestamp=1541581057538, urls: [dubbo://192.168.0.166:20882/cn.e3mall.search.service.SolrService?anyhost=true&application=e3-search&dubbo=2.0.2&generic=false&interface=cn.e3mall.search.service.SolrService&methods=getSolrSearchItem&pid=5372&side=provider&timeout=60000&timestamp=1541580778150, empty://192.168.0.166/cn.e3mall.search.service.SolrService?application=e3-search-web&category=configurators&dubbo=2.0.2&interface=cn.e3mall.search.service.SolrService&methods=getSolrSearchItem&pid=63392&revision=0.0.1-SNAPSHOT&side=consumer&timestamp=1541581057538, empty://192.168.0.166/cn.e3mall.search.service.SolrService?application=e3-search-web&category=routers&dubbo=2.0.2&interface=cn.e3mall.search.service.SolrService&methods=getSolrSearchItem&pid=63392&revision=0.0.1-SNAPSHOT&side=consumer&timestamp=1541581057538], dubbo version: 2.6.4, current host: 192.168.0.166


[INFO ] 2018-11-07 16:57:38,227 method:com.alibaba.dubbo.config.ReferenceConfig.createProxy(ReferenceConfig.java:425)
 [DUBBO] Refer dubbo service cn.e3mall.search.service.SolrService from url zookeeper://127.0.0.1:2181/com.alibaba.dubbo.registry.RegistryService?anyhost=true&application=e3-search-web&check=false&dubbo=2.0.2&generic=false&interface=cn.e3mall.search.service.SolrService&methods=getSolrSearchItem&pid=63392&register.ip=192.168.0.166&remote.timestamp=1541580778150&revision=0.0.1-SNAPSHOT&side=consumer&timeout=60000&timestamp=1541581057538, dubbo version: 2.6.4, current host: 192.168.0.166


[WARN ] 2018-11-07 16:57:38,229 method:com.alibaba.dubbo.config.model.ApplicationModel.initConsumerModel(ApplicationModel.java:65)
 [DUBBO] Already register the same consumer:cn.e3mall.search.service.SolrService, dubbo version: 2.6.4, current host: 192.168.0.166


[INFO ] 2018-11-07 16:57:38,263 method:org.springframework.web.servlet.handler.AbstractHandlerMethodMapping$MappingRegistry.register(AbstractHandlerMethodMapping.java:547)
Mapped "{[/search]}" onto public java.lang.String cn.e3mall.search.controller.SearchController.getSearchList(java.lang.String,java.lang.Integer,org.springframework.ui.Model) throws java.lang.Exception


[INFO ] 2018-11-07 16:57:38,290 method:org.springframework.web.servlet.mvc.method.annotation.RequestMappingHandlerAdapter.initControllerAdviceCache(RequestMappingHandlerAdapter.java:574)
Looking for @ControllerAdvice: WebApplicationContext for namespace 'e3-search-web-servlet': startup date [Wed Nov 07 16:57:37 CST 2018]; parent: Root WebApplicationContext


[INFO ] 2018-11-07 16:57:38,315 method:org.springframework.web.servlet.mvc.method.annotation.RequestMappingHandlerAdapter.initControllerAdviceCache(RequestMappingHandlerAdapter.java:574)
Looking for @ControllerAdvice: WebApplicationContext for namespace 'e3-search-web-servlet': startup date [Wed Nov 07 16:57:37 CST 2018]; parent: Root WebApplicationContext


[INFO ] 2018-11-07 16:57:38,377 method:org.springframework.web.servlet.handler.AbstractUrlHandlerMapping.registerHandler(AbstractUrlHandlerMapping.java:373)
Mapped URL path [/css/**] onto handler 'org.springframework.web.servlet.resource.ResourceHttpRequestHandler#0'


[INFO ] 2018-11-07 16:57:38,379 method:org.springframework.web.servlet.handler.AbstractUrlHandlerMapping.registerHandler(AbstractUrlHandlerMapping.java:373)
Mapped URL path [/js/**] onto handler 'org.springframework.web.servlet.resource.ResourceHttpRequestHandler#1'


[INFO ] 2018-11-07 16:57:38,413 method:org.springframework.web.servlet.FrameworkServlet.initServletBean(FrameworkServlet.java:509)
FrameworkServlet 'e3-search-web': initialization completed in 958 ms


[INFO ] 2018-11-07 16:59:09,530 method:cn.e3mall.exception.controller.GlobalExceptionResolver.resolveException(GlobalExceptionResolver.java:21)
this is info msg!


[INFO ] 2018-11-07 17:03:24,900 method:cn.e3mall.exception.controller.GlobalExceptionResolver.resolveException(GlobalExceptionResolver.java:21)
this is info msg!
